<?xml version='1.0' encoding='UTF-8' standalone='no'?>
<doxygen xmlns:xsi="http://www.w3.org/2001/XMLSchema-instance" xsi:noNamespaceSchemaLocation="compound.xsd" version="1.13.2" xml:lang="en-US">
  <compounddef id="test-dataset_8h" kind="file" language="C++">
    <compoundname>test-dataset.h</compoundname>
    <includes local="no">torch/torch.h</includes>
    <includedby refid="temp_8h" local="yes">/home/kami/Documents/cpp/models/include/temp/temp.h</includedby>
    <incdepgraph>
      <node id="1">
        <label>/home/kami/Documents/cpp/models/include/temp/test-dataset.h</label>
        <link refid="test-dataset_8h"/>
        <childnode refid="2" relation="include">
        </childnode>
      </node>
      <node id="2">
        <label>torch/torch.h</label>
      </node>
    </incdepgraph>
    <invincdepgraph>
      <node id="2">
        <label>/home/kami/Documents/cpp/models/include/temp/temp.h</label>
        <link refid="temp_8h_source"/>
      </node>
      <node id="1">
        <label>/home/kami/Documents/cpp/models/include/temp/test-dataset.h</label>
        <link refid="test-dataset_8h"/>
        <childnode refid="2" relation="include">
        </childnode>
      </node>
    </invincdepgraph>
    <innerclass refid="classxt_1_1temp_1_1TestDataset" prot="public">xt::temp::TestDataset</innerclass>
    <innernamespace refid="namespacext">xt</innernamespace>
    <innernamespace refid="namespacext_1_1temp">xt::temp</innernamespace>
    <briefdescription>
    </briefdescription>
    <detaileddescription>
    </detaileddescription>
    <programlisting>
<codeline lineno="1"><highlight class="preprocessor">#pragma<sp/>once</highlight><highlight class="normal"></highlight></codeline>
<codeline lineno="2"><highlight class="normal"></highlight></codeline>
<codeline lineno="3"><highlight class="normal"></highlight><highlight class="preprocessor">#include<sp/>&lt;torch/torch.h&gt;</highlight><highlight class="normal"></highlight></codeline>
<codeline lineno="4"><highlight class="normal"></highlight></codeline>
<codeline lineno="5"><highlight class="normal"></highlight><highlight class="keyword">namespace<sp/></highlight><highlight class="normal">xt::temp<sp/>{</highlight></codeline>
<codeline lineno="6"><highlight class="normal"></highlight></codeline>
<codeline lineno="7" refid="classxt_1_1temp_1_1TestDataset" refkind="compound"><highlight class="normal"></highlight><highlight class="keyword">class<sp/></highlight><highlight class="normal">TestDataset<sp/>{</highlight></codeline>
<codeline lineno="8"><highlight class="normal"></highlight></codeline>
<codeline lineno="9"><highlight class="normal"><sp/><sp/></highlight><highlight class="keyword">public</highlight><highlight class="normal">:</highlight></codeline>
<codeline lineno="10"><highlight class="normal"><sp/><sp/><sp/><sp/>TestDataset();</highlight></codeline>
<codeline lineno="11"><highlight class="normal"></highlight><highlight class="comment">//<sp/><sp/><sp/><sp/>~TestDataset();</highlight><highlight class="normal"></highlight></codeline>
<codeline lineno="12"><highlight class="normal"><sp/><sp/><sp/><sp/>torch::Tensor<sp/>forward(torch::Tensor<sp/>input);</highlight></codeline>
<codeline lineno="13"><highlight class="normal">};</highlight></codeline>
<codeline lineno="14"><highlight class="normal"></highlight></codeline>
<codeline lineno="15"><highlight class="normal">}</highlight></codeline>
<codeline lineno="16"><highlight class="normal"></highlight></codeline>
    </programlisting>
    <location file="/home/kami/Documents/cpp/models/include/temp/test-dataset.h"/>
  </compounddef>
</doxygen>
